digraph path {
	node [label="\N"];
	graph [bb="0,0,799.57,414"];
	0 [pos="273.25,395", width="0.75", height="0.52778"];
	2 [pos="86.249,301", width="0.75", height="0.52778"];
	6 [pos="165.25,207", width="0.75", height="0.52778"];
	14 [pos="727.25,113", width="0.75", height="0.52778"];
	13 [pos="159.25,113", width="0.75", height="0.52778"];
	15 [pos="530.25,113", width="0.75", height="0.52778"];
	12 [pos="288.25,113", width="0.75", height="0.52778"];
	11 [pos="409.25,113", width="0.75", height="0.52778"];
	10 [pos="534.25,207", width="0.75", height="0.52778"];
	9 [pos="678.25,19", width="0.75", height="0.52778"];
	8 [pos="739.25,207", width="0.75", height="0.52778"];
	5 [pos="290.25,207", width="0.75", height="0.52778"];
	7 [pos="42.249,207", width="0.75", height="0.52778"];
	4 [pos="411.25,207", width="0.75", height="0.52778"];
	1 [pos="292.25,301", width="0.75", height="0.52778"];
	3 [pos="590.25,301", width="0.75", height="0.52778"];
	10 -> 15 [label="  1.0", pos="e,508.17,124.37 511.41,196.67 500.79,190.55 489.21,181.69 483.25,170 479.21,162.08 479.37,158 483.25,150 486.95,142.38 493.06,135.86\
 499.67,130.51", lp="495.75,160"];
	15 -> 10 [label="  1.0", pos="e,532.46,187.81 530.28,132.01 530.38,143.1 530.63,157.35 531.25,170 531.37,172.53 531.53,175.16 531.71,177.8", lp="543.75,160"];
	14 -> 9 [label="  1.0", pos="e,687.67,37.069 717.8,94.876 710.62,81.091 700.61,61.897 692.46,46.263", lp="718.75,66"];
	14 -> 8 [label="  1.0", pos="e,736.82,187.98 729.67,131.99 731.35,145.11 733.61,162.81 735.51,177.72", lp="746.75,160"];
	13 -> 6 [label="  1.0", pos="e,169.12,187.94 165.91,131.59 167.69,137.4 169.36,143.9 170.25,150 171.56,159.04 171.29,168.95 170.4,177.93", lp="183.75,160"];
	12 -> 5 [label="  1.0", pos="e,289.7,187.8 288.54,132 288.72,143.08 288.97,157.33 289.25,170 289.31,172.53 289.37,175.16 289.43,177.79", lp="301.75,160"];
	11 -> 4 [label="  1.0", pos="e,410.7,187.8 409.54,132 409.72,143.08 409.97,157.33 410.25,170 410.31,172.53 410.37,175.16 410.43,177.79", lp="422.75,160"];
	10 -> 3 [label="  1.0", pos="e,567.58,290.28 532.08,226.13 531.66,237.79 532.79,252.59 539.25,264 543.96,272.32 551.4,279.27 559.15,284.82", lp="551.75,254"];
	9 -> 3 [label="  1.0", pos="e,604.36,284.55 676.06,37.957 670.64,80.242 654.28,184.78 617.25,264 615.3,268.16 612.86,272.34 610.24,276.3", lp="667.75,160"];
	8 -> 3 [label="  1.0", pos="e,617.46,298.7 733.92,225.88 729.48,238.34 721.97,254.13 710.25,264 686.94,283.62 653.32,292.84 627.59,297.18", lp="737.75,254"];
	7 -> 2 [label="  1.0", pos="e,77.765,282.88 50.706,225.07 57.152,238.84 66.135,258.03 73.458,273.67", lp="80.749,254"];
	6 -> 1 [label="  1.0", pos="e,265.85,296.31 162.68,225.98 162.11,238.17 163.55,253.6 172.25,264 183.06,276.92 224.55,287.72 255.73,294.26", lp="184.75,254"];
	5 -> 1 [label="  1.0", pos="e,291.84,281.98 290.66,226.32 290.94,239.42 291.31,256.99 291.63,271.79", lp="304.75,254"];
	4 -> 1 [label="  1.0", pos="e,319.2,297.33 408.77,226.12 406.25,238.36 401.23,253.81 391.25,264 374.69,280.89 349.71,290.15 328.98,295.19", lp="416.75,254"];
	3 -> 0 [label="  1.0", pos="e,300.54,393.13 577.16,317.92 565.95,331.12 548.59,348.72 529.25,358 491.36,376.19 372.03,387.56 310.6,392.36", lp="569.75,348"];
	2 -> 0 [label="  1.0", pos="e,251.06,383.85 108.41,312.14 141.57,328.81 204.24,360.31 242.03,379.3", lp="209.75,348"];
	8 -> 14 [label="  1.0", pos="e,712.57,129.39 720.21,193.29 713.18,187.07 706,179.06 702.25,170 697.88,159.45 701.38,147.9 706.99,137.97", lp="714.75,160"];
	1 -> 0 [label="  1.0", pos="e,271.55,376 281.63,318.85 278.66,324.75 275.81,331.47 274.25,338 272.11,346.92 271.39,356.86 271.34,365.91", lp="286.75,348"];
	6 -> 13 [label="  1.0", pos="e,139.62,126.17 143.62,195.1 134.64,188.9 125.17,180.43 120.25,170 116.45,161.96 116.74,158.17 120.25,150 122.91,143.81 127.17,138.17\
 131.92,133.26", lp="132.75,160"];
	5 -> 12 [label="  1.0", pos="e,272.58,128.97 273.8,191.57 268.4,185.44 263.07,177.95 260.25,170 257.28,161.62 257.42,158.43 260.25,150 261.73,145.59 263.97,141.28\
 266.55,137.25", lp="272.75,160"];
	4 -> 11 [label="  1.0", pos="e,393.58,128.97 394.8,191.57 389.4,185.44 384.07,177.95 381.25,170 378.28,161.62 378.42,158.43 381.25,150 382.73,145.59 384.97,141.28\
 387.55,137.25", lp="393.75,160"];
	3 -> 10 [label="  1.0", pos="e,517.42,221.97 563.49,297.35 543.44,293.07 517.3,283.82 504.25,264 497.09,253.13 502.64,240.37 510.82,229.68", lp="516.75,254"];
	3 -> 9 [label="  1.0", pos="e,669.11,37.224 593.04,282.1 597.57,253.2 607.54,196.5 622.25,150 633.89,113.2 652.15,72.582 664.63,46.479", lp="634.75,160"];
	3 -> 8 [label="  1.0", pos="e,718,218.85 613.78,291.34 628.44,284.75 647.29,275.21 662.25,264 672.06,256.65 671.79,251.8 681.25,244 689.91,236.86 700.03,229.98\
 709.36,224.12", lp="693.75,254"];
	2 -> 7 [label="  1.0", pos="e,22.69,220.47 59.592,296.89 40.333,292.38 15.618,283.06 3.2486,264 -4.7841,251.62 3.9151,237.98 15.118,227.14", lp="15.749,254"];
	1 -> 6 [label="  1.0", pos="e,148.25,221.95 265.44,298.63 224.95,294.42 151.2,284.14 135.25,264 126.98,253.56 132.9,240.5 141.59,229.51", lp="147.75,254"];
	1 -> 5 [label="  1.0", pos="e,274.58,222.97 275.8,285.57 270.4,279.44 265.07,271.95 262.25,264 259.28,255.62 259.42,252.43 262.25,244 263.73,239.59 265.97,235.28\
 268.55,231.25", lp="274.75,254"];
	1 -> 4 [label="  1.0", pos="e,392.51,220.9 309.94,286.29 324.01,274.67 344.24,258.12 362.25,244 369.36,238.42 377.14,232.48 384.36,227.02", lp="374.75,254"];
	0 -> 3 [label="  1.0", pos="e,565.11,308.46 298.39,387.55 354.68,370.85 490.98,330.44 555.41,311.33", lp="472.75,348"];
	0 -> 2 [label="  1.0", pos="e,81.061,319.75 246.17,393.65 199.56,390.71 107.25,381.94 87.249,358 80.796,350.28 79.312,339.7 79.867,329.75", lp="99.749,348"];
	0 -> 1 [label="  1.0", pos="e,269.77,311.85 256.49,379.61 246.17,368.2 236.17,352.21 243.25,338 247.28,329.91 254.02,323.12 261.23,317.65", lp="255.75,348"];
	1 -> 0 [color=blue, pos="e,280.82,376.62 290.72,320.11 292.32,331.36 294.13,345.74 290.25,358 289.17,361.4 287.66,364.75 285.96,367.97"];
	0 -> 2 [color=blue, pos="e,97.325,318.47 246.58,390.7 220.57,385.21 181.12,374.4 150.25,358 133.71,349.21 117.11,336.62 104.77,325.51"];
	1 -> 6 [color=blue, pos="e,184.06,220.93 273.51,287.13 252.03,271.23 216.65,245.04 192.21,226.96"];
	6 -> 13 [color=blue, pos="e,160.46,131.99 164.03,187.98 163.2,174.85 162.07,157.16 161.12,142.25"];
	1 -> 5 [color=blue, pos="e,305.91,222.97 306.81,284.87 311.4,278.77 315.88,271.49 318.25,264 320.93,255.52 321.08,252.43 318.25,244 316.77,239.59 314.53,\
235.28 311.94,231.25"];
	5 -> 12 [color=blue, pos="e,302.81,129.13 303.96,190.34 308.1,184.3 312.12,177.2 314.25,170 316.77,161.48 316.93,158.48 314.25,150 312.92,145.79 310.92,141.64\
 308.6,137.74"];
	2 -> 7 [color=blue, pos="e,45.219,225.91 71.412,285.03 66.308,278.84 60.952,271.46 57.249,264 52.916,255.28 49.731,245.16 47.44,235.89"];
	1 -> 4 [color=blue, pos="e,425.55,223.24 319.09,297.84 355.99,292.88 419.41,281.93 433.25,264 440.54,254.55 437.17,242.4 431.11,231.74"];
	4 -> 11 [color=blue, pos="e,423.81,129.13 424.96,190.34 429.1,184.3 433.12,177.2 435.25,170 437.77,161.48 437.93,158.48 435.25,150 433.92,145.79 431.92,141.64\
 429.6,137.74"];
	0 -> 3 [color=blue, pos="e,569.6,313.77 300.26,393.36 341.91,390.16 423.83,381.27 489.25,358 503.63,352.88 536.41,333.83 560.75,319.15"];
	3 -> 10 [color=blue, pos="e,548.93,223.27 583.18,282.43 578.49,270.98 571.81,256.21 564.25,244 561.61,239.74 558.54,235.43 555.39,231.32"];
	10 -> 15 [color=blue, pos="e,544.81,129.13 546.83,190.19 550.63,184.14 554.31,177.06 556.25,170 558.6,161.43 558.93,158.48 556.25,150 554.92,145.79 552.92,\
141.64 550.6,137.74"];
	3 -> 9 [color=blue, pos="e,699.87,30.524 617.28,299.2 662.32,295.62 749.82,285.95 770.25,264 821.76,208.64 795.46,162.42 763.25,94 754.31,75.02 750.52,70.388\
 735.25,56 727.33,48.536 717.71,41.646 708.66,35.887"];
	3 -> 8 [color=blue, pos="e,751.06,224.35 617.21,298.91 659.25,295.02 737.39,285.09 754.25,264 761.15,255.37 759.56,243.88 755.42,233.48"];
	8 -> 14 [color=blue, pos="e,746.16,127.16 753.4,190.58 761.42,179.22 768.83,163.73 763.25,150 760.96,144.36 757.35,139.11 753.28,134.44"];
	1 -> 0 [color=red, pos="e,293.45,382.04 305.57,317.81 310.04,329.34 312.4,344.88 308.25,358 306.46,363.66 303.46,369.2 299.89,374.2"];
	0 -> 2 [color=red, pos="e,106.56,313.94 248.08,387.64 226.11,381.59 194.16,371.77 168.25,358 149.08,347.81 129.83,332.52 114.59,320.34"];
}
