digraph topo {
	node [label="\N"];
	graph [bb="0,0,200.32,320"];
	0 [pos="31.324,301", width="0.75", height="0.52778"];
	2 [pos="31.324,19", width="0.75", height="0.52778"];
	4 [pos="168.32,19", width="0.75", height="0.52778"];
	1 [pos="31.324,207", width="0.75", height="0.52778"];
	3 [pos="96.324,113", width="0.75", height="0.52778"];
	1 -> 0 [label="  1.0", pos="e,32.559,281.8 32.559,226.2 32.874,231.92 33.167,238.21 33.324,244 33.563,252.89 33.563,255.11 33.324,264 33.255,266.53 33.16,269.16\
 33.049,271.8", lp="45.824,254"];
	4 -> 3 [label="  1.0", pos="e,122.35,107.41 174.01,37.807 176.42,49.625 177.3,64.713 170.32,76 161.86,89.7 146.61,98.497 132.15,104.06", lp="187.82,66"];
	3 -> 4 [label="  1.0", pos="e,155.32,35.977 109.2,96.195 120.29,81.715 136.46,60.603 149.08,44.117", lp="150.82,66"];
	3 -> 1 [label="  1.0", pos="e,50.799,193.61 91.599,131.85 88.076,143.54 82.455,158.47 74.324,170 69.953,176.2 64.321,182.01 58.582,187.12", lp="96.824,160"];
	1 -> 3 [label="  1.0", pos="e,74.38,124.17 32.676,187.96 34.277,176.19 37.761,161.25 45.324,150 50.658,142.07 58.294,135.24 66.038,129.69", lp="57.824,160"];
	3 -> 2 [label="  1.0", pos="e,34.361,37.968 75.198,100.47 66.112,94.14 56.056,85.738 49.324,76 43.56,67.663 39.574,57.39 36.848,47.872", lp="61.824,66"];
	2 -> 3 [label="  1.0", pos="e,91.599,94.153 50.799,32.395 58.941,38.778 67.966,46.986 74.324,56 80.359,64.556 85.011,74.989 88.449,84.579", lp="96.824,66"];
	2 -> 1 [label="  1.0", pos="e,31.324,187.94 31.324,38.111 31.324,71.083 31.324,138.85 31.324,177.78", lp="43.824,113"];
	0 -> 1 [label="  1.0", pos="e,16.211,223.05 16.211,284.95 11.448,278.86 6.7887,271.56 4.3235,264 1.5679,255.55 1.5679,252.45 4.3235,244 5.7487,239.63 7.9072\
,235.35 10.395,231.33", lp="16.824,254"];
	1 -> 2 [label="  1.0", pos="e,22.218,36.938 22.218,189.06 15.214,174.2 6.1135,152.31 2.3235,132 -0.7745,115.4 -0.7745,110.6 2.3235,94 5.3733,77.656 11.862,60.288\
 17.929,46.385", lp="14.824,113"];
}
