digraph tree {
	node [label="\N"];
	graph [bb="0,0,795.67,414"];
	0 [pos="405.19,395", width="0.75", height="0.52778"];
	2 [pos="83.187,301", width="0.75", height="0.52778"];
	6 [pos="163.19,207", width="0.75", height="0.52778"];
	14 [pos="723.19,113", width="0.75", height="0.52778"];
	13 [pos="155.19,113", width="0.75", height="0.52778"];
	15 [pos="526.19,113", width="0.75", height="0.52778"];
	12 [pos="284.19,113", width="0.75", height="0.52778"];
	11 [pos="405.19,113", width="0.75", height="0.52778"];
	10 [pos="530.19,207", width="0.75", height="0.52778"];
	9 [pos="674.19,19", width="0.75", height="0.52778"];
	8 [pos="735.19,207", width="0.75", height="0.52778"];
	5 [pos="288.19,207", width="0.75", height="0.52778"];
	7 [pos="42.187,207", width="0.75", height="0.52778"];
	4 [pos="409.19,207", width="0.75", height="0.52778"];
	1 [pos="332.19,301", width="0.75", height="0.52778"];
	3 [pos="573.19,301", width="0.75", height="0.52778"];
	10 -> 15 [label="  1.0", pos="e,504.11,124.37 507.35,196.67 496.73,190.55 485.15,181.69 479.19,170 475.15,162.08 475.3,158 479.19,150 482.89,142.38 489,135.86\
 495.61,130.51", lp="491.69,160"];
	15 -> 10 [label="  1.0", pos="e,528.4,187.81 526.22,132.01 526.31,143.1 526.56,157.35 527.19,170 527.31,172.53 527.47,175.16 527.65,177.8", lp="539.69,160"];
	14 -> 9 [label="  1.0", pos="e,683.61,37.069 713.74,94.876 706.55,81.091 696.55,61.897 688.4,46.263", lp="714.69,66"];
	14 -> 8 [label="  1.0", pos="e,732.76,187.98 725.61,131.99 727.29,145.11 729.55,162.81 731.45,177.72", lp="742.69,160"];
	13 -> 6 [label="  1.0", pos="e,166.06,187.91 161.85,131.59 163.63,137.4 165.3,143.9 166.19,150 167.5,159.02 167.48,168.92 166.92,177.9", lp="180.69,160"];
	12 -> 5 [label="  1.0", pos="e,286.4,187.81 284.22,132.01 284.31,143.1 284.56,157.35 285.19,170 285.31,172.53 285.47,175.16 285.65,177.8", lp="297.69,160"];
	11 -> 4 [label="  1.0", pos="e,407.4,187.81 405.22,132.01 405.31,143.1 405.56,157.35 406.19,170 406.31,172.53 406.47,175.16 406.65,177.8", lp="418.69,160"];
	10 -> 3 [label="  1.0", pos="e,554.04,287.21 528.61,226.09 528.43,237.59 529.61,252.24 535.19,264 537.98,269.9 542.15,275.36 546.7,280.19", lp="547.69,254"];
	9 -> 3 [label="  1.0", pos="e,592.21,287.36 673.11,38.21 669.95,81.453 657.82,188.55 613.19,264 609.63,270.02 604.79,275.64 599.71,280.6", lp="668.69,160"];
	8 -> 3 [label="  1.0", pos="e,599.54,296.28 730.04,225.71 725.65,238.26 718.13,254.23 706.19,264 691.44,276.07 643.68,287.42 609.62,294.29", lp="733.69,254"];
	7 -> 2 [label="  1.0", pos="e,75.086,282.43 50.131,225.21 56.026,238.73 64.174,257.41 70.905,272.84", lp="79.687,254"];
	6 -> 1 [label="  1.0", pos="e,305.25,298.38 161.15,225.99 160.91,238.34 162.83,253.96 172.19,264 188.63,281.64 253.2,292.13 295.12,297.21", lp="184.69,254"];
	5 -> 1 [label="  1.0", pos="e,312.95,287.65 286.55,226.12 286.35,237.63 287.53,252.28 293.19,264 296.11,270.07 300.49,275.66 305.27,280.55", lp="305.69,254"];
	4 -> 1 [label="  1.0", pos="e,355.46,291.24 406.62,226 404.23,237.9 399.69,253 391.19,264 384.11,273.15 374.08,280.63 364.29,286.41", lp="413.69,254"];
	3 -> 0 [label="  1.0", pos="e,429.13,385.86 551.29,312.45 538.66,319.35 522.66,328.6 509.19,338 497.8,345.95 496.92,350.58 485.19,358 470.55,367.26 453.21,375.57\
 438.43,381.95", lp="521.69,348"];
	2 -> 0 [label="  1.0", pos="e,380.19,387.41 108.33,307.98 134.73,315.34 177.42,327.32 214.19,338 268.94,353.9 332.34,372.95 370.57,384.5", lp="290.69,348"];
	8 -> 14 [label="  1.0", pos="e,708.51,129.39 716.15,193.29 709.11,187.07 701.94,179.06 698.19,170 693.82,159.45 697.31,147.9 702.93,137.97", lp="710.69,160"];
	1 -> 0 [label="  1.0", pos="e,400.86,376.18 353.81,312.74 363.87,319.11 375.32,327.77 383.19,338 389.62,346.36 394.37,356.83 397.78,366.5", lp="406.69,348"];
	6 -> 13 [label="  1.0", pos="e,135.56,126.17 141.11,195.63 131.59,189.45 121.45,180.84 116.19,170 112.3,162 112.68,158.17 116.19,150 118.85,143.81 123.11,138.17\
 127.85,133.26", lp="128.69,160"];
	5 -> 12 [label="  1.0", pos="e,268.52,128.97 271,192.11 265.13,185.94 259.27,178.28 256.19,170 253.08,161.67 253.36,158.43 256.19,150 257.67,145.59 259.91,141.28\
 262.49,137.25", lp="268.69,160"];
	4 -> 11 [label="  1.0", pos="e,389.52,128.97 392,192.11 386.13,185.94 380.27,178.28 377.19,170 374.08,161.67 374.36,158.43 377.19,150 378.67,145.59 380.91,141.28\
 383.49,137.25", lp="389.69,160"];
	3 -> 10 [label="  1.0", pos="e,513.61,222.35 547.48,295.1 531.13,289.87 511.22,280.43 501.19,264 494.61,253.23 499.59,240.79 507.15,230.29", lp="513.69,254"];
	3 -> 9 [label="  1.0", pos="e,666.62,37.543 579.04,282.3 588.07,253.66 606.16,197.29 623.19,150 636.09,114.16 652.21,73.335 662.84,46.92", lp="635.69,160"];
	3 -> 8 [label="  1.0", pos="e,713.94,218.85 597.98,293.19 615.7,286.92 639.6,277.01 658.19,264 668.23,256.97 667.73,251.8 677.19,244 685.85,236.86 695.96,229.98\
 705.3,224.12", lp="689.69,254"];
	2 -> 7 [label="  1.0", pos="e,22.682,220.43 56.686,296.41 38.225,291.69 14.891,282.31 3.1866,264 -4.7601,251.57 3.9424,237.92 15.125,227.09", lp="15.687,254"];
	1 -> 6 [label="  1.0", pos="e,146.45,222.12 304.89,300.04 255.76,297.68 155.58,289.76 134.19,264 125.74,253.83 131.43,240.78 139.93,229.74", lp="146.69,254"];
	1 -> 5 [label="  1.0", pos="e,271.59,222.36 306.13,295.2 289.57,290.02 269.38,280.59 259.19,264 252.58,253.25 257.55,240.81 265.13,230.31", lp="271.69,254"];
	1 -> 4 [label="  1.0", pos="e,388.84,220.12 339.48,282.61 344.71,270.82 352.53,255.6 362.19,244 367.51,237.6 374.11,231.58 380.66,226.33", lp="374.69,254"];
	0 -> 3 [label="  1.0", pos="e,546.83,305.18 416.71,377.77 426,365.11 440.13,348.38 456.19,338 480.77,322.12 512.66,312.63 536.94,307.24", lp="468.69,348"];
	0 -> 2 [label="  1.0", pos="e,99.383,316.51 378.08,392.53 323.04,387.25 200.11,374.03 161.19,358 141.35,349.83 121.87,335.59 107.33,323.4", lp="173.69,348"];
	0 -> 1 [label="  1.0", pos="e,327.88,319.83 379.22,388.93 362.98,383.65 343.29,374.23 333.19,358 328.04,349.73 326.7,339.4 327.01,329.81", lp="345.69,348"];
	3 -> 0 [color=blue, pos="e,431.41,390.45 553.8,314.3 543.09,327.32 531.74,346.77 516.19,358 493.8,374.15 464.51,383.28 441.28,388.42"];
	0 -> 2 [color=blue, pos="e,108.55,307.97 378.18,393.4 340.19,390.35 269.43,381.73 214.19,358 200.14,351.96 199.73,345.1 186.19,338 164.59,326.69 138.76,317.42\
 118.38,310.99"];
	3 -> 10 [color=blue, pos="e,545.69,222.82 571.08,282.05 569.27,270.6 566,255.96 560.19,244 558,239.5 555.16,235.05 552.11,230.89"];
	10 -> 15 [color=blue, pos="e,540.75,129.13 542.77,190.19 546.57,184.14 550.25,177.06 552.19,170 554.54,161.43 554.87,158.48 552.19,150 550.86,145.79 548.85\
,141.64 546.54,137.74"];
	3 -> 9 [color=blue, pos="e,695.8,30.524 600.25,299.62 647.9,296.59 743.89,287.64 766.19,264 818.07,208.99 791.4,162.42 759.19,94 750.25,75.02 746.45,70.388\
 731.19,56 723.27,48.536 713.65,41.646 704.59,35.887"];
	3 -> 8 [color=blue, pos="e,746.91,224.13 600.44,299.38 645.3,296.07 731.63,286.84 750.19,264 757.2,255.37 755.55,243.79 751.33,233.32"];
	8 -> 14 [color=blue, pos="e,742.1,127.16 749.34,190.58 757.35,179.22 764.76,163.73 759.19,150 756.9,144.36 753.29,139.11 749.22,134.44"];
	2 -> 7 [color=blue, pos="e,44.96,226.1 69.066,284.56 64.396,278.43 59.542,271.21 56.187,264 52.125,255.27 49.155,245.23 47.024,236.02"];
	0 -> 1 [color=blue, pos="e,345.37,317.98 392.14,378.19 380.89,363.71 364.5,342.6 351.69,326.12"];
	1 -> 6 [color=blue, pos="e,182.51,220.47 308.67,291.13 292.5,284.11 270.7,274.15 252.19,264 231.09,252.43 208.25,237.76 190.99,226.2"];
	6 -> 13 [color=blue, pos="e,156.8,131.99 161.57,187.98 160.45,174.85 158.94,157.16 157.68,142.25"];
	1 -> 5 [color=blue, pos="e,303.62,222.86 329.68,282.05 327.65,270.6 324.13,255.95 318.19,244 315.96,239.51 313.11,235.08 310.05,230.92"];
	5 -> 12 [color=blue, pos="e,298.75,129.13 300.77,190.19 304.57,184.14 308.25,177.06 310.19,170 312.54,161.43 312.87,158.48 310.19,150 308.86,145.79 306.85\
,141.64 304.54,137.74"];
	1 -> 4 [color=blue, pos="e,423.04,223.51 357.77,294.85 383.87,288 421.71,276.27 430.19,264 436.77,254.47 433.84,242.63 428.35,232.21"];
	4 -> 11 [color=blue, pos="e,419.75,129.13 421.77,190.19 425.57,184.14 429.25,177.06 431.19,170 433.54,161.43 433.87,158.48 431.19,150 429.86,145.79 427.85\
,141.64 425.54,137.74"];
	3 -> 0 [color=red, pos="e,432.21,392.63 564.95,319.18 558.34,331.82 547.9,348.11 534.19,358 507.05,377.58 469.75,386.84 442.23,391.19"];
	3 -> 0 [color=red, pos="e,432.33,393.88 579.86,319.45 576.19,332.05 565.8,348.18 552.19,358 520.56,380.82 475.14,389.62 442.46,392.97"];
}
